[0m[[0m[0mdebug[0m] [0m[0mRunning TaskDef(dinocpu.ITypeMultiCycleTesterMult, org.scalatest.tools.Framework$$anon$1@45cda611, false, [SuiteSelector])[0m
[0m[[0m[0mdebug[0m] [0m[0mRunning TaskDef(dinocpu.RTypeTesterMult, org.scalatest.tools.Framework$$anon$1@45cda611, false, [SuiteSelector])[0m
[0m[[0m[0mdebug[0m] [0m[0mRunning TaskDef(dinocpu.MemoryMultiCycleTesterMult, org.scalatest.tools.Framework$$anon$1@45cda611, false, [SuiteSelector])[0m
[0m[[0m[0mdebug[0m] [0m[0mRunning TaskDef(dinocpu.MulSingleCycleTesterMult, org.scalatest.tools.Framework$$anon$1@45cda611, false, [SuiteSelector])[0m
[0m[[0m[0mdebug[0m] [0m[0mRunning TaskDef(dinocpu.JumpTesterMult, org.scalatest.tools.Framework$$anon$1@45cda611, false, [SuiteSelector])[0m
[0m[[0m[0mdebug[0m] [0m[0mRunning TaskDef(dinocpu.MemoryTesterMult, org.scalatest.tools.Framework$$anon$1@45cda611, false, [SuiteSelector])[0m
[0m[[0m[0mdebug[0m] [0m[0mRunning TaskDef(dinocpu.BranchTesterMult, org.scalatest.tools.Framework$$anon$1@45cda611, false, [SuiteSelector])[0m
[0m[[0m[0mdebug[0m] [0m[0mRunning TaskDef(dinocpu.RTypeMultiCycleTesterMult, org.scalatest.tools.Framework$$anon$1@45cda611, false, [SuiteSelector])[0m
[0m[[0m[0mdebug[0m] [0m[0mRunning TaskDef(dinocpu.MulEightCycleComponentTesterMult, org.scalatest.tools.Framework$$anon$1@45cda611, false, [SuiteSelector])[0m
[0m[[0m[0mdebug[0m] [0m[0mRunning TaskDef(dinocpu.ITypeTesterMult, org.scalatest.tools.Framework$$anon$1@45cda611, false, [SuiteSelector])[0m
[0m[[0m[0mdebug[0m] [0m[0mRunning TaskDef(dinocpu.UTypeTesterMult, org.scalatest.tools.Framework$$anon$1@45cda611, false, [SuiteSelector])[0m
[0m[[0m[0mdebug[0m] [0m[0mRunning TaskDef(dinocpu.MulEightCycleTesterMult, org.scalatest.tools.Framework$$anon$1@45cda611, false, [SuiteSelector])[0m
[0m[[0m[0mdebug[0m] [0m[0mRunning TaskDef(dinocpu.ALUControlTesterMult, org.scalatest.tools.Framework$$anon$1@45cda611, false, [SuiteSelector])[0m
[0m[[0m[0mdebug[0m] [0m[0mSummary for ScalaCheck not available.[0m
[0m[[0m[0minfo[0m] [0m[0mScalaTest[0m
[0m[[0m[0minfo[0m] [0m[0m[36mRun completed in 33 seconds, 154 milliseconds.[0m[0m
[0m[[0m[0minfo[0m] [0m[0m[36mTotal number of tests run: 75[0m[0m
[0m[[0m[0minfo[0m] [0m[0m[36mSuites: completed 13, aborted 0[0m[0m
[0m[[0m[0minfo[0m] [0m[0m[36mTests: succeeded 74, failed 1, canceled 0, ignored 0, pending 0[0m[0m
[0m[[0m[0minfo[0m] [0m[0m[31m*** 1 TEST FAILED ***[0m[0m
[0m[[0m[31merror[0m] [0m[0mFailed: Total 75, Failed 1, Errors 0, Passed 74[0m
[0m[[0m[0mdebug[0m] [0m[0mPassed tests:[0m
[0m[[0m[0mdebug[0m] [0m[0m	dinocpu.MulEightCycleComponentTesterMult[0m
[0m[[0m[0mdebug[0m] [0m[0m	dinocpu.ITypeMultiCycleTesterMult[0m
[0m[[0m[0mdebug[0m] [0m[0m	dinocpu.BranchTesterMult[0m
[0m[[0m[0mdebug[0m] [0m[0m	dinocpu.RTypeMultiCycleTesterMult[0m
[0m[[0m[0mdebug[0m] [0m[0m	dinocpu.JumpTesterMult[0m
[0m[[0m[0mdebug[0m] [0m[0m	dinocpu.ALUControlTesterMult[0m
[0m[[0m[0mdebug[0m] [0m[0m	dinocpu.MemoryTesterMult[0m
[0m[[0m[0mdebug[0m] [0m[0m	dinocpu.UTypeTesterMult[0m
[0m[[0m[0mdebug[0m] [0m[0m	dinocpu.ITypeTesterMult[0m
[0m[[0m[0mdebug[0m] [0m[0m	dinocpu.MemoryMultiCycleTesterMult[0m
[0m[[0m[0mdebug[0m] [0m[0m	dinocpu.MulEightCycleTesterMult[0m
[0m[[0m[0mdebug[0m] [0m[0m	dinocpu.RTypeTesterMult[0m
[0m[[0m[31merror[0m] [0m[0mFailed tests:[0m
[0m[[0m[31merror[0m] [0m[0m	dinocpu.MulSingleCycleTesterMult[0m
[0m[[0m[31merror[0m] [0m[0m(Mult / [31mtest[0m) sbt.TestsFailedException: Tests unsuccessful[0m
